[org.mortbay.log:67]  :[Logging to org.slf4j.impl.Log4jLoggerAdapter(org.mortbay.log) via org.mortbay.log.Slf4jLog]
[org.mortbay.log:67]  :[jetty-6.1.26]
[org.mortbay.log:67]  :[NO JSP Support for /drug, did not find org.apache.jasper.servlet.JspServlet]
[/drug:67]  :[Initializing Spring root WebApplicationContext]
[org.springframework.web.context.ContextLoader:273]  :[Root WebApplicationContext: initialization started]
[org.springframework.web.context.support.XmlWebApplicationContext:510]  :[Refreshing Root WebApplicationContext: startup date [Sun Feb 02 08:58:27 CST 2014]; root of context hierarchy]
[org.springframework.beans.factory.xml.XmlBeanDefinitionReader:315]  :[Loading XML bean definitions from file [E:\tools\eclipse workpace\drug\drug\target\classes\spring\spring-business.xml]]
[org.springframework.beans.factory.support.DefaultListableBeanFactory:596]  :[Pre-instantiating singletons in org.springframework.beans.factory.support.DefaultListableBeanFactory@1b1fbf4: defining beans [com.drug.factory.ServiceFactory#0,org.springframework.context.annotation.internalConfigurationAnnotationProcessor,org.springframework.context.annotation.internalAutowiredAnnotationProcessor,org.springframework.context.annotation.internalRequiredAnnotationProcessor,org.springframework.context.annotation.internalCommonAnnotationProcessor,drugDao,org.springframework.context.annotation.ConfigurationClassPostProcessor.importAwareProcessor]; root of factory hierarchy]
[org.springframework.web.context.ContextLoader:313]  :[Root WebApplicationContext: initialization completed in 7361 ms]
[/drug:67]  :[Initializing Spring FrameworkServlet 'drug']
[org.springframework.web.servlet.DispatcherServlet:455]  :[FrameworkServlet 'drug': initialization started]
[org.springframework.web.context.support.XmlWebApplicationContext:510]  :[Refreshing WebApplicationContext for namespace 'drug-servlet': startup date [Sun Feb 02 08:58:33 CST 2014]; parent: Root WebApplicationContext]
[org.springframework.beans.factory.xml.XmlBeanDefinitionReader:315]  :[Loading XML bean definitions from ServletContext resource [/WEB-INF/drug-servlet.xml]]
[org.springframework.beans.factory.support.DefaultListableBeanFactory:596]  :[Pre-instantiating singletons in org.springframework.beans.factory.support.DefaultListableBeanFactory@61373f: defining beans [drugStoreController,indexController,org.springframework.context.annotation.internalConfigurationAnnotationProcessor,org.springframework.context.annotation.internalAutowiredAnnotationProcessor,org.springframework.context.annotation.internalRequiredAnnotationProcessor,org.springframework.context.annotation.internalCommonAnnotationProcessor,viewResolver,freemarkerConfigurer,org.springframework.web.servlet.mvc.support.ControllerClassNameHandlerMapping#0,org.springframework.web.servlet.mvc.annotation.AnnotationMethodHandlerAdapter#0,org.springframework.context.annotation.ConfigurationClassPostProcessor.importAwareProcessor]; parent: org.springframework.beans.factory.support.DefaultListableBeanFactory@1b1fbf4]
[org.springframework.web.servlet.view.freemarker.FreeMarkerConfigurer:125]  :[ClassTemplateLoader for Spring macros added to FreeMarker configuration]
[org.springframework.web.servlet.mvc.support.ControllerClassNameHandlerMapping:315]  :[Mapped URL path [/drugstore] onto handler 'drugStoreController']
[org.springframework.web.servlet.mvc.support.ControllerClassNameHandlerMapping:315]  :[Mapped URL path [/drugstore/*] onto handler 'drugStoreController']
[org.springframework.web.servlet.mvc.support.ControllerClassNameHandlerMapping:315]  :[Mapped URL path [/index] onto handler 'indexController']
[org.springframework.web.servlet.mvc.support.ControllerClassNameHandlerMapping:315]  :[Mapped URL path [/index/*] onto handler 'indexController']
[org.springframework.web.servlet.DispatcherServlet:474]  :[FrameworkServlet 'drug': initialization completed in 3355 ms]
[org.mortbay.log:67]  :[Started SelectChannelConnector@0.0.0.0:8092]
[org.springframework.web.servlet.PageNotFound:1108]  :[No mapping found for HTTP request with URI [/drug/modelconfig/query.do] in DispatcherServlet with name 'drug']
[org.mortbay.log:67]  :[Logging to org.slf4j.impl.Log4jLoggerAdapter(org.mortbay.log) via org.mortbay.log.Slf4jLog]
[org.mortbay.log:67]  :[jetty-6.1.26]
[org.mortbay.log:67]  :[NO JSP Support for /drug, did not find org.apache.jasper.servlet.JspServlet]
[/drug:67]  :[Initializing Spring root WebApplicationContext]
[org.springframework.web.context.ContextLoader:273]  :[Root WebApplicationContext: initialization started]
[org.springframework.web.context.support.XmlWebApplicationContext:510]  :[Refreshing Root WebApplicationContext: startup date [Sun Feb 02 16:25:12 CST 2014]; root of context hierarchy]
[org.springframework.beans.factory.xml.XmlBeanDefinitionReader:315]  :[Loading XML bean definitions from file [E:\tools\eclipse workpace\drug\drug\target\classes\spring\spring-business.xml]]
[org.springframework.beans.factory.support.DefaultListableBeanFactory:596]  :[Pre-instantiating singletons in org.springframework.beans.factory.support.DefaultListableBeanFactory@f6ac0b: defining beans [com.drug.factory.ServiceFactory#0,org.springframework.context.annotation.internalConfigurationAnnotationProcessor,org.springframework.context.annotation.internalAutowiredAnnotationProcessor,org.springframework.context.annotation.internalRequiredAnnotationProcessor,org.springframework.context.annotation.internalCommonAnnotationProcessor,drugDao,org.springframework.context.annotation.ConfigurationClassPostProcessor.importAwareProcessor]; root of factory hierarchy]
[org.springframework.web.context.ContextLoader:313]  :[Root WebApplicationContext: initialization completed in 847 ms]
[/drug:67]  :[Initializing Spring FrameworkServlet 'drug']
[org.springframework.web.servlet.DispatcherServlet:455]  :[FrameworkServlet 'drug': initialization started]
[org.springframework.web.context.support.XmlWebApplicationContext:510]  :[Refreshing WebApplicationContext for namespace 'drug-servlet': startup date [Sun Feb 02 16:25:13 CST 2014]; parent: Root WebApplicationContext]
[org.springframework.beans.factory.xml.XmlBeanDefinitionReader:315]  :[Loading XML bean definitions from ServletContext resource [/WEB-INF/drug-servlet.xml]]
[org.springframework.beans.factory.support.DefaultListableBeanFactory:596]  :[Pre-instantiating singletons in org.springframework.beans.factory.support.DefaultListableBeanFactory@130633a: defining beans [drugStoreController,indexController,org.springframework.context.annotation.internalConfigurationAnnotationProcessor,org.springframework.context.annotation.internalAutowiredAnnotationProcessor,org.springframework.context.annotation.internalRequiredAnnotationProcessor,org.springframework.context.annotation.internalCommonAnnotationProcessor,viewResolver,freemarkerConfigurer,org.springframework.web.servlet.mvc.support.ControllerClassNameHandlerMapping#0,org.springframework.web.servlet.mvc.annotation.AnnotationMethodHandlerAdapter#0,org.springframework.context.annotation.ConfigurationClassPostProcessor.importAwareProcessor]; parent: org.springframework.beans.factory.support.DefaultListableBeanFactory@f6ac0b]
[org.springframework.web.servlet.view.freemarker.FreeMarkerConfigurer:125]  :[ClassTemplateLoader for Spring macros added to FreeMarker configuration]
[org.springframework.web.servlet.mvc.support.ControllerClassNameHandlerMapping:315]  :[Mapped URL path [/drugstore] onto handler 'drugStoreController']
[org.springframework.web.servlet.mvc.support.ControllerClassNameHandlerMapping:315]  :[Mapped URL path [/drugstore/*] onto handler 'drugStoreController']
[org.springframework.web.servlet.mvc.support.ControllerClassNameHandlerMapping:315]  :[Mapped URL path [/index] onto handler 'indexController']
[org.springframework.web.servlet.mvc.support.ControllerClassNameHandlerMapping:315]  :[Mapped URL path [/index/*] onto handler 'indexController']
[org.springframework.web.servlet.DispatcherServlet:474]  :[FrameworkServlet 'drug': initialization completed in 1030 ms]
[org.mortbay.log:67]  :[Started SelectChannelConnector@0.0.0.0:8092]
[org.mortbay.log:67]  :[Logging to org.slf4j.impl.Log4jLoggerAdapter(org.mortbay.log) via org.mortbay.log.Slf4jLog]
[org.mortbay.log:67]  :[jetty-6.1.26]
[org.mortbay.log:67]  :[NO JSP Support for /drug, did not find org.apache.jasper.servlet.JspServlet]
[/drug:67]  :[Initializing Spring root WebApplicationContext]
[org.springframework.web.context.ContextLoader:273]  :[Root WebApplicationContext: initialization started]
[org.springframework.web.context.support.XmlWebApplicationContext:510]  :[Refreshing Root WebApplicationContext: startup date [Sun Feb 02 16:26:40 CST 2014]; root of context hierarchy]
[org.springframework.beans.factory.xml.XmlBeanDefinitionReader:315]  :[Loading XML bean definitions from file [E:\tools\eclipse workpace\drug\drug\target\classes\spring\spring-business.xml]]
[org.springframework.beans.factory.support.DefaultListableBeanFactory:596]  :[Pre-instantiating singletons in org.springframework.beans.factory.support.DefaultListableBeanFactory@1435ec9: defining beans [com.drug.factory.ServiceFactory#0,org.springframework.context.annotation.internalConfigurationAnnotationProcessor,org.springframework.context.annotation.internalAutowiredAnnotationProcessor,org.springframework.context.annotation.internalRequiredAnnotationProcessor,org.springframework.context.annotation.internalCommonAnnotationProcessor,drugDao,org.springframework.context.annotation.ConfigurationClassPostProcessor.importAwareProcessor]; root of factory hierarchy]
[org.springframework.web.context.ContextLoader:313]  :[Root WebApplicationContext: initialization completed in 776 ms]
[/drug:67]  :[Initializing Spring FrameworkServlet 'drug']
[org.springframework.web.servlet.DispatcherServlet:455]  :[FrameworkServlet 'drug': initialization started]
[org.springframework.web.context.support.XmlWebApplicationContext:510]  :[Refreshing WebApplicationContext for namespace 'drug-servlet': startup date [Sun Feb 02 16:26:41 CST 2014]; parent: Root WebApplicationContext]
[org.springframework.beans.factory.xml.XmlBeanDefinitionReader:315]  :[Loading XML bean definitions from ServletContext resource [/WEB-INF/drug-servlet.xml]]
[org.springframework.beans.factory.support.DefaultListableBeanFactory:596]  :[Pre-instantiating singletons in org.springframework.beans.factory.support.DefaultListableBeanFactory@d4ff95: defining beans [drugStoreController,indexController,org.springframework.context.annotation.internalConfigurationAnnotationProcessor,org.springframework.context.annotation.internalAutowiredAnnotationProcessor,org.springframework.context.annotation.internalRequiredAnnotationProcessor,org.springframework.context.annotation.internalCommonAnnotationProcessor,viewResolver,freemarkerConfigurer,org.springframework.web.servlet.mvc.support.ControllerClassNameHandlerMapping#0,org.springframework.web.servlet.mvc.annotation.AnnotationMethodHandlerAdapter#0,org.springframework.context.annotation.ConfigurationClassPostProcessor.importAwareProcessor]; parent: org.springframework.beans.factory.support.DefaultListableBeanFactory@1435ec9]
[org.springframework.web.servlet.view.freemarker.FreeMarkerConfigurer:125]  :[ClassTemplateLoader for Spring macros added to FreeMarker configuration]
[org.springframework.web.servlet.mvc.support.ControllerClassNameHandlerMapping:315]  :[Mapped URL path [/drugstore] onto handler 'drugStoreController']
[org.springframework.web.servlet.mvc.support.ControllerClassNameHandlerMapping:315]  :[Mapped URL path [/drugstore/*] onto handler 'drugStoreController']
[org.springframework.web.servlet.mvc.support.ControllerClassNameHandlerMapping:315]  :[Mapped URL path [/index] onto handler 'indexController']
[org.springframework.web.servlet.mvc.support.ControllerClassNameHandlerMapping:315]  :[Mapped URL path [/index/*] onto handler 'indexController']
[org.springframework.web.servlet.DispatcherServlet:474]  :[FrameworkServlet 'drug': initialization completed in 883 ms]
[org.mortbay.log:67]  :[Started SelectChannelConnector@0.0.0.0:8092]
[org.springframework.web.servlet.PageNotFound:1108]  :[No mapping found for HTTP request with URI [/drug/drugcommon/query.do] in DispatcherServlet with name 'drug']
[org.springframework.web.servlet.PageNotFound:1108]  :[No mapping found for HTTP request with URI [/drug/drugcommon/query.do] in DispatcherServlet with name 'drug']
[org.mortbay.log:67]  :[Logging to org.slf4j.impl.Log4jLoggerAdapter(org.mortbay.log) via org.mortbay.log.Slf4jLog]
[org.mortbay.log:67]  :[jetty-6.1.26]
[org.mortbay.log:67]  :[NO JSP Support for /drug, did not find org.apache.jasper.servlet.JspServlet]
[/drug:67]  :[Initializing Spring root WebApplicationContext]
[org.springframework.web.context.ContextLoader:273]  :[Root WebApplicationContext: initialization started]
[org.springframework.web.context.support.XmlWebApplicationContext:510]  :[Refreshing Root WebApplicationContext: startup date [Sun Feb 02 16:31:42 CST 2014]; root of context hierarchy]
[org.springframework.beans.factory.xml.XmlBeanDefinitionReader:315]  :[Loading XML bean definitions from file [E:\tools\eclipse workpace\drug\drug\target\classes\spring\spring-business.xml]]
[org.springframework.beans.factory.support.DefaultListableBeanFactory:596]  :[Pre-instantiating singletons in org.springframework.beans.factory.support.DefaultListableBeanFactory@124e935: defining beans [com.drug.factory.ServiceFactory#0,org.springframework.context.annotation.internalConfigurationAnnotationProcessor,org.springframework.context.annotation.internalAutowiredAnnotationProcessor,org.springframework.context.annotation.internalRequiredAnnotationProcessor,org.springframework.context.annotation.internalCommonAnnotationProcessor,drugDao,org.springframework.context.annotation.ConfigurationClassPostProcessor.importAwareProcessor]; root of factory hierarchy]
[org.springframework.web.context.ContextLoader:313]  :[Root WebApplicationContext: initialization completed in 701 ms]
[/drug:67]  :[Initializing Spring FrameworkServlet 'drug']
[org.springframework.web.servlet.DispatcherServlet:455]  :[FrameworkServlet 'drug': initialization started]
[org.springframework.web.context.support.XmlWebApplicationContext:510]  :[Refreshing WebApplicationContext for namespace 'drug-servlet': startup date [Sun Feb 02 16:31:43 CST 2014]; parent: Root WebApplicationContext]
[org.springframework.beans.factory.xml.XmlBeanDefinitionReader:315]  :[Loading XML bean definitions from ServletContext resource [/WEB-INF/drug-servlet.xml]]
[org.springframework.beans.factory.support.DefaultListableBeanFactory:596]  :[Pre-instantiating singletons in org.springframework.beans.factory.support.DefaultListableBeanFactory@106def2: defining beans [drugCommonController,drugStoreController,indexController,org.springframework.context.annotation.internalConfigurationAnnotationProcessor,org.springframework.context.annotation.internalAutowiredAnnotationProcessor,org.springframework.context.annotation.internalRequiredAnnotationProcessor,org.springframework.context.annotation.internalCommonAnnotationProcessor,viewResolver,freemarkerConfigurer,org.springframework.web.servlet.mvc.support.ControllerClassNameHandlerMapping#0,org.springframework.web.servlet.mvc.annotation.AnnotationMethodHandlerAdapter#0,org.springframework.context.annotation.ConfigurationClassPostProcessor.importAwareProcessor]; parent: org.springframework.beans.factory.support.DefaultListableBeanFactory@124e935]
[org.springframework.web.servlet.view.freemarker.FreeMarkerConfigurer:125]  :[ClassTemplateLoader for Spring macros added to FreeMarker configuration]
[org.springframework.web.servlet.mvc.support.ControllerClassNameHandlerMapping:315]  :[Mapped URL path [/drugcommon] onto handler 'drugCommonController']
[org.springframework.web.servlet.mvc.support.ControllerClassNameHandlerMapping:315]  :[Mapped URL path [/drugcommon/*] onto handler 'drugCommonController']
[org.springframework.web.servlet.mvc.support.ControllerClassNameHandlerMapping:315]  :[Mapped URL path [/drugstore] onto handler 'drugStoreController']
[org.springframework.web.servlet.mvc.support.ControllerClassNameHandlerMapping:315]  :[Mapped URL path [/drugstore/*] onto handler 'drugStoreController']
[org.springframework.web.servlet.mvc.support.ControllerClassNameHandlerMapping:315]  :[Mapped URL path [/index] onto handler 'indexController']
[org.springframework.web.servlet.mvc.support.ControllerClassNameHandlerMapping:315]  :[Mapped URL path [/index/*] onto handler 'indexController']
[org.springframework.web.servlet.DispatcherServlet:474]  :[FrameworkServlet 'drug': initialization completed in 649 ms]
[org.mortbay.log:67]  :[Started SelectChannelConnector@0.0.0.0:8092]
[org.mortbay.log:89]  :[/drug/drugstore/ckQuery.do]
javax.servlet.ServletException: Could not resolve view with name 'drugStore/drugCK' in servlet with name 'drug'
	at org.springframework.web.servlet.DispatcherServlet.render(DispatcherServlet.java:1190)
	at org.springframework.web.servlet.DispatcherServlet.processDispatchResult(DispatcherServlet.java:992)
	at org.springframework.web.servlet.DispatcherServlet.doDispatch(DispatcherServlet.java:939)
	at org.springframework.web.servlet.DispatcherServlet.doService(DispatcherServlet.java:856)
	at org.springframework.web.servlet.FrameworkServlet.processRequest(FrameworkServlet.java:920)
	at org.springframework.web.servlet.FrameworkServlet.doGet(FrameworkServlet.java:816)
	at javax.servlet.http.HttpServlet.service(HttpServlet.java:707)
	at org.springframework.web.servlet.FrameworkServlet.service(FrameworkServlet.java:801)
	at javax.servlet.http.HttpServlet.service(HttpServlet.java:820)
	at org.mortbay.jetty.servlet.ServletHolder.handle(ServletHolder.java:511)
	at org.mortbay.jetty.servlet.ServletHandler$CachedChain.doFilter(ServletHandler.java:1221)
	at org.springframework.web.filter.CharacterEncodingFilter.doFilterInternal(CharacterEncodingFilter.java:88)
	at org.springframework.web.filter.OncePerRequestFilter.doFilter(OncePerRequestFilter.java:107)
	at org.mortbay.jetty.servlet.ServletHandler$CachedChain.doFilter(ServletHandler.java:1212)
	at org.mortbay.jetty.servlet.ServletHandler.handle(ServletHandler.java:399)
	at org.mortbay.jetty.security.SecurityHandler.handle(SecurityHandler.java:216)
	at org.mortbay.jetty.servlet.SessionHandler.handle(SessionHandler.java:182)
	at org.mortbay.jetty.handler.ContextHandler.handle(ContextHandler.java:766)
	at org.mortbay.jetty.webapp.WebAppContext.handle(WebAppContext.java:450)
	at org.mortbay.jetty.handler.HandlerWrapper.handle(HandlerWrapper.java:152)
	at org.mortbay.jetty.Server.handle(Server.java:326)
	at org.mortbay.jetty.HttpConnection.handleRequest(HttpConnection.java:542)
	at org.mortbay.jetty.HttpConnection$RequestHandler.headerComplete(HttpConnection.java:928)
	at org.mortbay.jetty.HttpParser.parseNext(HttpParser.java:549)
	at org.mortbay.jetty.HttpParser.parseAvailable(HttpParser.java:212)
	at org.mortbay.jetty.HttpConnection.handle(HttpConnection.java:404)
	at org.mortbay.io.nio.SelectChannelEndPoint.run(SelectChannelEndPoint.java:410)
	at org.mortbay.thread.QueuedThreadPool$PoolThread.run(QueuedThreadPool.java:582)
[org.mortbay.log:89]  :[/drug/drugstore/rkQuery.do]
javax.servlet.ServletException: Could not resolve view with name 'drugStore/drugRK' in servlet with name 'drug'
	at org.springframework.web.servlet.DispatcherServlet.render(DispatcherServlet.java:1190)
	at org.springframework.web.servlet.DispatcherServlet.processDispatchResult(DispatcherServlet.java:992)
	at org.springframework.web.servlet.DispatcherServlet.doDispatch(DispatcherServlet.java:939)
	at org.springframework.web.servlet.DispatcherServlet.doService(DispatcherServlet.java:856)
	at org.springframework.web.servlet.FrameworkServlet.processRequest(FrameworkServlet.java:920)
	at org.springframework.web.servlet.FrameworkServlet.doGet(FrameworkServlet.java:816)
	at javax.servlet.http.HttpServlet.service(HttpServlet.java:707)
	at org.springframework.web.servlet.FrameworkServlet.service(FrameworkServlet.java:801)
	at javax.servlet.http.HttpServlet.service(HttpServlet.java:820)
	at org.mortbay.jetty.servlet.ServletHolder.handle(ServletHolder.java:511)
	at org.mortbay.jetty.servlet.ServletHandler$CachedChain.doFilter(ServletHandler.java:1221)
	at org.springframework.web.filter.CharacterEncodingFilter.doFilterInternal(CharacterEncodingFilter.java:88)
	at org.springframework.web.filter.OncePerRequestFilter.doFilter(OncePerRequestFilter.java:107)
	at org.mortbay.jetty.servlet.ServletHandler$CachedChain.doFilter(ServletHandler.java:1212)
	at org.mortbay.jetty.servlet.ServletHandler.handle(ServletHandler.java:399)
	at org.mortbay.jetty.security.SecurityHandler.handle(SecurityHandler.java:216)
	at org.mortbay.jetty.servlet.SessionHandler.handle(SessionHandler.java:182)
	at org.mortbay.jetty.handler.ContextHandler.handle(ContextHandler.java:766)
	at org.mortbay.jetty.webapp.WebAppContext.handle(WebAppContext.java:450)
	at org.mortbay.jetty.handler.HandlerWrapper.handle(HandlerWrapper.java:152)
	at org.mortbay.jetty.Server.handle(Server.java:326)
	at org.mortbay.jetty.HttpConnection.handleRequest(HttpConnection.java:542)
	at org.mortbay.jetty.HttpConnection$RequestHandler.headerComplete(HttpConnection.java:928)
	at org.mortbay.jetty.HttpParser.parseNext(HttpParser.java:549)
	at org.mortbay.jetty.HttpParser.parseAvailable(HttpParser.java:212)
	at org.mortbay.jetty.HttpConnection.handle(HttpConnection.java:404)
	at org.mortbay.io.nio.SelectChannelEndPoint.run(SelectChannelEndPoint.java:410)
	at org.mortbay.thread.QueuedThreadPool$PoolThread.run(QueuedThreadPool.java:582)
[org.mortbay.log:67]  :[Logging to org.slf4j.impl.Log4jLoggerAdapter(org.mortbay.log) via org.mortbay.log.Slf4jLog]
[org.mortbay.log:67]  :[jetty-6.1.26]
[org.mortbay.log:67]  :[NO JSP Support for /drug, did not find org.apache.jasper.servlet.JspServlet]
[/drug:67]  :[Initializing Spring root WebApplicationContext]
[org.springframework.web.context.ContextLoader:273]  :[Root WebApplicationContext: initialization started]
[org.springframework.web.context.support.XmlWebApplicationContext:510]  :[Refreshing Root WebApplicationContext: startup date [Sun Feb 02 20:30:23 CST 2014]; root of context hierarchy]
[org.springframework.beans.factory.xml.XmlBeanDefinitionReader:315]  :[Loading XML bean definitions from file [E:\tools\eclipse workpace\drug\drug\target\classes\spring\spring-business.xml]]
[org.springframework.beans.factory.support.DefaultListableBeanFactory:596]  :[Pre-instantiating singletons in org.springframework.beans.factory.support.DefaultListableBeanFactory@1aac07d: defining beans [com.drug.factory.ServiceFactory#0,org.springframework.context.annotation.internalConfigurationAnnotationProcessor,org.springframework.context.annotation.internalAutowiredAnnotationProcessor,org.springframework.context.annotation.internalRequiredAnnotationProcessor,org.springframework.context.annotation.internalCommonAnnotationProcessor,drugDao,org.springframework.context.annotation.ConfigurationClassPostProcessor.importAwareProcessor]; root of factory hierarchy]
[org.springframework.web.context.ContextLoader:313]  :[Root WebApplicationContext: initialization completed in 771 ms]
[/drug:67]  :[Initializing Spring FrameworkServlet 'drug']
[org.springframework.web.servlet.DispatcherServlet:455]  :[FrameworkServlet 'drug': initialization started]
[org.springframework.web.context.support.XmlWebApplicationContext:510]  :[Refreshing WebApplicationContext for namespace 'drug-servlet': startup date [Sun Feb 02 20:30:24 CST 2014]; parent: Root WebApplicationContext]
[org.springframework.beans.factory.xml.XmlBeanDefinitionReader:315]  :[Loading XML bean definitions from ServletContext resource [/WEB-INF/drug-servlet.xml]]
[org.springframework.beans.factory.support.DefaultListableBeanFactory:596]  :[Pre-instantiating singletons in org.springframework.beans.factory.support.DefaultListableBeanFactory@235085: defining beans [drugCommonController,drugStoreController,indexController,org.springframework.context.annotation.internalConfigurationAnnotationProcessor,org.springframework.context.annotation.internalAutowiredAnnotationProcessor,org.springframework.context.annotation.internalRequiredAnnotationProcessor,org.springframework.context.annotation.internalCommonAnnotationProcessor,viewResolver,freemarkerConfigurer,org.springframework.web.servlet.mvc.support.ControllerClassNameHandlerMapping#0,org.springframework.web.servlet.mvc.annotation.AnnotationMethodHandlerAdapter#0,org.springframework.context.annotation.ConfigurationClassPostProcessor.importAwareProcessor]; parent: org.springframework.beans.factory.support.DefaultListableBeanFactory@1aac07d]
[org.springframework.web.servlet.view.freemarker.FreeMarkerConfigurer:125]  :[ClassTemplateLoader for Spring macros added to FreeMarker configuration]
[org.springframework.web.servlet.mvc.support.ControllerClassNameHandlerMapping:315]  :[Mapped URL path [/drugcommon] onto handler 'drugCommonController']
[org.springframework.web.servlet.mvc.support.ControllerClassNameHandlerMapping:315]  :[Mapped URL path [/drugcommon/*] onto handler 'drugCommonController']
[org.springframework.web.servlet.mvc.support.ControllerClassNameHandlerMapping:315]  :[Mapped URL path [/drugstore] onto handler 'drugStoreController']
[org.springframework.web.servlet.mvc.support.ControllerClassNameHandlerMapping:315]  :[Mapped URL path [/drugstore/*] onto handler 'drugStoreController']
[org.springframework.web.servlet.mvc.support.ControllerClassNameHandlerMapping:315]  :[Mapped URL path [/index] onto handler 'indexController']
[org.springframework.web.servlet.mvc.support.ControllerClassNameHandlerMapping:315]  :[Mapped URL path [/index/*] onto handler 'indexController']
[org.springframework.web.servlet.DispatcherServlet:474]  :[FrameworkServlet 'drug': initialization completed in 735 ms]
[org.mortbay.log:67]  :[Started SelectChannelConnector@0.0.0.0:8092]
[org.mortbay.log:67]  :[Logging to org.slf4j.impl.Log4jLoggerAdapter(org.mortbay.log) via org.mortbay.log.Slf4jLog]
[org.mortbay.log:67]  :[jetty-6.1.26]
[org.mortbay.log:67]  :[NO JSP Support for /drug, did not find org.apache.jasper.servlet.JspServlet]
[/drug:67]  :[Initializing Spring root WebApplicationContext]
[org.springframework.web.context.ContextLoader:273]  :[Root WebApplicationContext: initialization started]
[org.springframework.web.context.support.XmlWebApplicationContext:510]  :[Refreshing Root WebApplicationContext: startup date [Sun Feb 02 21:05:07 CST 2014]; root of context hierarchy]
[org.springframework.beans.factory.xml.XmlBeanDefinitionReader:315]  :[Loading XML bean definitions from file [E:\tools\eclipse workpace\drug\drug\target\classes\spring\spring-business.xml]]
[org.springframework.beans.factory.support.DefaultListableBeanFactory:596]  :[Pre-instantiating singletons in org.springframework.beans.factory.support.DefaultListableBeanFactory@4ac866: defining beans [com.drug.factory.ServiceFactory#0,org.springframework.context.annotation.internalConfigurationAnnotationProcessor,org.springframework.context.annotation.internalAutowiredAnnotationProcessor,org.springframework.context.annotation.internalRequiredAnnotationProcessor,org.springframework.context.annotation.internalCommonAnnotationProcessor,drugDao,org.springframework.context.annotation.ConfigurationClassPostProcessor.importAwareProcessor]; root of factory hierarchy]
[org.springframework.web.context.ContextLoader:313]  :[Root WebApplicationContext: initialization completed in 715 ms]
[/drug:67]  :[Initializing Spring FrameworkServlet 'drug']
[org.springframework.web.servlet.DispatcherServlet:455]  :[FrameworkServlet 'drug': initialization started]
[org.springframework.web.context.support.XmlWebApplicationContext:510]  :[Refreshing WebApplicationContext for namespace 'drug-servlet': startup date [Sun Feb 02 21:05:08 CST 2014]; parent: Root WebApplicationContext]
[org.springframework.beans.factory.xml.XmlBeanDefinitionReader:315]  :[Loading XML bean definitions from ServletContext resource [/WEB-INF/drug-servlet.xml]]
[org.springframework.beans.factory.support.DefaultListableBeanFactory:596]  :[Pre-instantiating singletons in org.springframework.beans.factory.support.DefaultListableBeanFactory@7b5617: defining beans [drugCommonController,drugStoreController,indexController,org.springframework.context.annotation.internalConfigurationAnnotationProcessor,org.springframework.context.annotation.internalAutowiredAnnotationProcessor,org.springframework.context.annotation.internalRequiredAnnotationProcessor,org.springframework.context.annotation.internalCommonAnnotationProcessor,viewResolver,freemarkerConfigurer,org.springframework.web.servlet.mvc.support.ControllerClassNameHandlerMapping#0,org.springframework.web.servlet.mvc.annotation.AnnotationMethodHandlerAdapter#0,org.springframework.context.annotation.ConfigurationClassPostProcessor.importAwareProcessor]; parent: org.springframework.beans.factory.support.DefaultListableBeanFactory@4ac866]
[org.springframework.web.servlet.view.freemarker.FreeMarkerConfigurer:125]  :[ClassTemplateLoader for Spring macros added to FreeMarker configuration]
[org.springframework.web.servlet.mvc.support.ControllerClassNameHandlerMapping:315]  :[Mapped URL path [/drugcommon] onto handler 'drugCommonController']
[org.springframework.web.servlet.mvc.support.ControllerClassNameHandlerMapping:315]  :[Mapped URL path [/drugcommon/*] onto handler 'drugCommonController']
[org.springframework.web.servlet.mvc.support.ControllerClassNameHandlerMapping:315]  :[Mapped URL path [/drugstore] onto handler 'drugStoreController']
[org.springframework.web.servlet.mvc.support.ControllerClassNameHandlerMapping:315]  :[Mapped URL path [/drugstore/*] onto handler 'drugStoreController']
[org.springframework.web.servlet.mvc.support.ControllerClassNameHandlerMapping:315]  :[Mapped URL path [/index] onto handler 'indexController']
[org.springframework.web.servlet.mvc.support.ControllerClassNameHandlerMapping:315]  :[Mapped URL path [/index/*] onto handler 'indexController']
[org.springframework.web.servlet.DispatcherServlet:474]  :[FrameworkServlet 'drug': initialization completed in 649 ms]
[org.mortbay.log:67]  :[Started SelectChannelConnector@0.0.0.0:8092]
[org.mortbay.log:67]  :[Logging to org.slf4j.impl.Log4jLoggerAdapter(org.mortbay.log) via org.mortbay.log.Slf4jLog]
[org.mortbay.log:67]  :[jetty-6.1.26]
[org.mortbay.log:67]  :[NO JSP Support for /drug, did not find org.apache.jasper.servlet.JspServlet]
[/drug:67]  :[Initializing Spring root WebApplicationContext]
[org.springframework.web.context.ContextLoader:273]  :[Root WebApplicationContext: initialization started]
[org.springframework.web.context.support.XmlWebApplicationContext:510]  :[Refreshing Root WebApplicationContext: startup date [Sun Feb 02 21:07:38 CST 2014]; root of context hierarchy]
[org.springframework.beans.factory.xml.XmlBeanDefinitionReader:315]  :[Loading XML bean definitions from file [E:\tools\eclipse workpace\drug\drug\target\classes\spring\spring-business.xml]]
[org.springframework.beans.factory.support.DefaultListableBeanFactory:596]  :[Pre-instantiating singletons in org.springframework.beans.factory.support.DefaultListableBeanFactory@124e935: defining beans [com.drug.factory.ServiceFactory#0,org.springframework.context.annotation.internalConfigurationAnnotationProcessor,org.springframework.context.annotation.internalAutowiredAnnotationProcessor,org.springframework.context.annotation.internalRequiredAnnotationProcessor,org.springframework.context.annotation.internalCommonAnnotationProcessor,drugDao,org.springframework.context.annotation.ConfigurationClassPostProcessor.importAwareProcessor]; root of factory hierarchy]
[org.springframework.web.context.ContextLoader:313]  :[Root WebApplicationContext: initialization completed in 706 ms]
[/drug:67]  :[Initializing Spring FrameworkServlet 'drug']
[org.springframework.web.servlet.DispatcherServlet:455]  :[FrameworkServlet 'drug': initialization started]
[org.springframework.web.context.support.XmlWebApplicationContext:510]  :[Refreshing WebApplicationContext for namespace 'drug-servlet': startup date [Sun Feb 02 21:07:38 CST 2014]; parent: Root WebApplicationContext]
[org.springframework.beans.factory.xml.XmlBeanDefinitionReader:315]  :[Loading XML bean definitions from ServletContext resource [/WEB-INF/drug-servlet.xml]]
[org.springframework.beans.factory.support.DefaultListableBeanFactory:596]  :[Pre-instantiating singletons in org.springframework.beans.factory.support.DefaultListableBeanFactory@235085: defining beans [drugCommonController,drugStoreController,indexController,org.springframework.context.annotation.internalConfigurationAnnotationProcessor,org.springframework.context.annotation.internalAutowiredAnnotationProcessor,org.springframework.context.annotation.internalRequiredAnnotationProcessor,org.springframework.context.annotation.internalCommonAnnotationProcessor,viewResolver,freemarkerConfigurer,org.springframework.web.servlet.mvc.support.ControllerClassNameHandlerMapping#0,org.springframework.web.servlet.mvc.annotation.AnnotationMethodHandlerAdapter#0,org.springframework.context.annotation.ConfigurationClassPostProcessor.importAwareProcessor]; parent: org.springframework.beans.factory.support.DefaultListableBeanFactory@124e935]
[org.springframework.web.servlet.view.freemarker.FreeMarkerConfigurer:125]  :[ClassTemplateLoader for Spring macros added to FreeMarker configuration]
[org.springframework.web.servlet.mvc.support.ControllerClassNameHandlerMapping:315]  :[Mapped URL path [/drugcommon] onto handler 'drugCommonController']
[org.springframework.web.servlet.mvc.support.ControllerClassNameHandlerMapping:315]  :[Mapped URL path [/drugcommon/*] onto handler 'drugCommonController']
[org.springframework.web.servlet.mvc.support.ControllerClassNameHandlerMapping:315]  :[Mapped URL path [/drugstore] onto handler 'drugStoreController']
[org.springframework.web.servlet.mvc.support.ControllerClassNameHandlerMapping:315]  :[Mapped URL path [/drugstore/*] onto handler 'drugStoreController']
[org.springframework.web.servlet.mvc.support.ControllerClassNameHandlerMapping:315]  :[Mapped URL path [/index] onto handler 'indexController']
[org.springframework.web.servlet.mvc.support.ControllerClassNameHandlerMapping:315]  :[Mapped URL path [/index/*] onto handler 'indexController']
[org.springframework.web.servlet.DispatcherServlet:474]  :[FrameworkServlet 'drug': initialization completed in 649 ms]
[org.mortbay.log:67]  :[Started SelectChannelConnector@0.0.0.0:8092]
[org.mortbay.log:67]  :[Logging to org.slf4j.impl.Log4jLoggerAdapter(org.mortbay.log) via org.mortbay.log.Slf4jLog]
[org.mortbay.log:67]  :[jetty-6.1.26]
[org.mortbay.log:67]  :[NO JSP Support for /drug, did not find org.apache.jasper.servlet.JspServlet]
[/drug:67]  :[Initializing Spring root WebApplicationContext]
[org.springframework.web.context.ContextLoader:273]  :[Root WebApplicationContext: initialization started]
[org.springframework.web.context.support.XmlWebApplicationContext:510]  :[Refreshing Root WebApplicationContext: startup date [Sun Feb 02 21:23:08 CST 2014]; root of context hierarchy]
[org.springframework.beans.factory.xml.XmlBeanDefinitionReader:315]  :[Loading XML bean definitions from file [E:\tools\eclipse workpace\drug\drug\target\classes\spring\spring-business.xml]]
[org.springframework.beans.factory.support.DefaultListableBeanFactory:596]  :[Pre-instantiating singletons in org.springframework.beans.factory.support.DefaultListableBeanFactory@f6ac0b: defining beans [com.drug.factory.ServiceFactory#0,org.springframework.context.annotation.internalConfigurationAnnotationProcessor,org.springframework.context.annotation.internalAutowiredAnnotationProcessor,org.springframework.context.annotation.internalRequiredAnnotationProcessor,org.springframework.context.annotation.internalCommonAnnotationProcessor,drugDao,org.springframework.context.annotation.ConfigurationClassPostProcessor.importAwareProcessor]; root of factory hierarchy]
[org.springframework.web.context.ContextLoader:313]  :[Root WebApplicationContext: initialization completed in 610 ms]
[/drug:67]  :[Initializing Spring FrameworkServlet 'drug']
[org.springframework.web.servlet.DispatcherServlet:455]  :[FrameworkServlet 'drug': initialization started]
[org.springframework.web.context.support.XmlWebApplicationContext:510]  :[Refreshing WebApplicationContext for namespace 'drug-servlet': startup date [Sun Feb 02 21:23:09 CST 2014]; parent: Root WebApplicationContext]
[org.springframework.beans.factory.xml.XmlBeanDefinitionReader:315]  :[Loading XML bean definitions from ServletContext resource [/WEB-INF/drug-servlet.xml]]
[org.springframework.beans.factory.support.DefaultListableBeanFactory:596]  :[Pre-instantiating singletons in org.springframework.beans.factory.support.DefaultListableBeanFactory@bcb23e: defining beans [drugCommonController,drugStoreController,indexController,org.springframework.context.annotation.internalConfigurationAnnotationProcessor,org.springframework.context.annotation.internalAutowiredAnnotationProcessor,org.springframework.context.annotation.internalRequiredAnnotationProcessor,org.springframework.context.annotation.internalCommonAnnotationProcessor,viewResolver,freemarkerConfigurer,org.springframework.web.servlet.mvc.support.ControllerClassNameHandlerMapping#0,org.springframework.web.servlet.mvc.annotation.AnnotationMethodHandlerAdapter#0,org.springframework.context.annotation.ConfigurationClassPostProcessor.importAwareProcessor]; parent: org.springframework.beans.factory.support.DefaultListableBeanFactory@f6ac0b]
[org.springframework.web.servlet.view.freemarker.FreeMarkerConfigurer:125]  :[ClassTemplateLoader for Spring macros added to FreeMarker configuration]
[org.springframework.web.servlet.mvc.support.ControllerClassNameHandlerMapping:315]  :[Mapped URL path [/drugcommon] onto handler 'drugCommonController']
[org.springframework.web.servlet.mvc.support.ControllerClassNameHandlerMapping:315]  :[Mapped URL path [/drugcommon/*] onto handler 'drugCommonController']
[org.springframework.web.servlet.mvc.support.ControllerClassNameHandlerMapping:315]  :[Mapped URL path [/drugstore] onto handler 'drugStoreController']
[org.springframework.web.servlet.mvc.support.ControllerClassNameHandlerMapping:315]  :[Mapped URL path [/drugstore/*] onto handler 'drugStoreController']
[org.springframework.web.servlet.mvc.support.ControllerClassNameHandlerMapping:315]  :[Mapped URL path [/index] onto handler 'indexController']
[org.springframework.web.servlet.mvc.support.ControllerClassNameHandlerMapping:315]  :[Mapped URL path [/index/*] onto handler 'indexController']
[org.springframework.web.servlet.DispatcherServlet:474]  :[FrameworkServlet 'drug': initialization completed in 576 ms]
[org.mortbay.log:67]  :[Started SelectChannelConnector@0.0.0.0:8092]
[org.mortbay.log:87]  :[/drug/drugcommon/addDrug.do]
java.lang.NullPointerException
	at com.drug.util.PinyinUtils.getPinYin(PinyinUtils.java:11)
	at com.drug.web.controller.DrugCommonController.addDrug(DrugCommonController.java:87)
	at sun.reflect.NativeMethodAccessorImpl.invoke0(Native Method)
	at sun.reflect.NativeMethodAccessorImpl.invoke(NativeMethodAccessorImpl.java:39)
	at sun.reflect.DelegatingMethodAccessorImpl.invoke(DelegatingMethodAccessorImpl.java:25)
	at java.lang.reflect.Method.invoke(Method.java:597)
	at org.springframework.web.bind.annotation.support.HandlerMethodInvoker.invokeHandlerMethod(HandlerMethodInvoker.java:176)
	at org.springframework.web.servlet.mvc.annotation.AnnotationMethodHandlerAdapter.invokeHandlerMethod(AnnotationMethodHandlerAdapter.java:440)
	at org.springframework.web.servlet.mvc.annotation.AnnotationMethodHandlerAdapter.handle(AnnotationMethodHandlerAdapter.java:428)
	at org.springframework.web.servlet.DispatcherServlet.doDispatch(DispatcherServlet.java:925)
	at org.springframework.web.servlet.DispatcherServlet.doService(DispatcherServlet.java:856)
	at org.springframework.web.servlet.FrameworkServlet.processRequest(FrameworkServlet.java:920)
	at org.springframework.web.servlet.FrameworkServlet.doPost(FrameworkServlet.java:827)
	at javax.servlet.http.HttpServlet.service(HttpServlet.java:727)
	at org.springframework.web.servlet.FrameworkServlet.service(FrameworkServlet.java:801)
	at javax.servlet.http.HttpServlet.service(HttpServlet.java:820)
	at org.mortbay.jetty.servlet.ServletHolder.handle(ServletHolder.java:511)
	at org.mortbay.jetty.servlet.ServletHandler$CachedChain.doFilter(ServletHandler.java:1221)
	at org.springframework.web.filter.CharacterEncodingFilter.doFilterInternal(CharacterEncodingFilter.java:88)
	at org.springframework.web.filter.OncePerRequestFilter.doFilter(OncePerRequestFilter.java:107)
	at org.mortbay.jetty.servlet.ServletHandler$CachedChain.doFilter(ServletHandler.java:1212)
	at org.mortbay.jetty.servlet.ServletHandler.handle(ServletHandler.java:399)
	at org.mortbay.jetty.security.SecurityHandler.handle(SecurityHandler.java:216)
	at org.mortbay.jetty.servlet.SessionHandler.handle(SessionHandler.java:182)
	at org.mortbay.jetty.handler.ContextHandler.handle(ContextHandler.java:766)
	at org.mortbay.jetty.webapp.WebAppContext.handle(WebAppContext.java:450)
	at org.mortbay.jetty.handler.HandlerWrapper.handle(HandlerWrapper.java:152)
	at org.mortbay.jetty.Server.handle(Server.java:326)
	at org.mortbay.jetty.HttpConnection.handleRequest(HttpConnection.java:542)
	at org.mortbay.jetty.HttpConnection$RequestHandler.content(HttpConnection.java:945)
	at org.mortbay.jetty.HttpParser.parseNext(HttpParser.java:756)
	at org.mortbay.jetty.HttpParser.parseAvailable(HttpParser.java:218)
	at org.mortbay.jetty.HttpConnection.handle(HttpConnection.java:404)
	at org.mortbay.io.nio.SelectChannelEndPoint.run(SelectChannelEndPoint.java:410)
	at org.mortbay.thread.QueuedThreadPool$PoolThread.run(QueuedThreadPool.java:582)
[org.mortbay.log:87]  :[/drug/drugcommon/addDrug.do]
java.lang.NullPointerException
	at com.drug.util.PinyinUtils.getPinYin(PinyinUtils.java:11)
	at com.drug.web.controller.DrugCommonController.addDrug(DrugCommonController.java:87)
	at sun.reflect.NativeMethodAccessorImpl.invoke0(Native Method)
	at sun.reflect.NativeMethodAccessorImpl.invoke(NativeMethodAccessorImpl.java:39)
	at sun.reflect.DelegatingMethodAccessorImpl.invoke(DelegatingMethodAccessorImpl.java:25)
	at java.lang.reflect.Method.invoke(Method.java:597)
	at org.springframework.web.bind.annotation.support.HandlerMethodInvoker.invokeHandlerMethod(HandlerMethodInvoker.java:176)
	at org.springframework.web.servlet.mvc.annotation.AnnotationMethodHandlerAdapter.invokeHandlerMethod(AnnotationMethodHandlerAdapter.java:440)
	at org.springframework.web.servlet.mvc.annotation.AnnotationMethodHandlerAdapter.handle(AnnotationMethodHandlerAdapter.java:428)
	at org.springframework.web.servlet.DispatcherServlet.doDispatch(DispatcherServlet.java:925)
	at org.springframework.web.servlet.DispatcherServlet.doService(DispatcherServlet.java:856)
	at org.springframework.web.servlet.FrameworkServlet.processRequest(FrameworkServlet.java:920)
	at org.springframework.web.servlet.FrameworkServlet.doPost(FrameworkServlet.java:827)
	at javax.servlet.http.HttpServlet.service(HttpServlet.java:727)
	at org.springframework.web.servlet.FrameworkServlet.service(FrameworkServlet.java:801)
	at javax.servlet.http.HttpServlet.service(HttpServlet.java:820)
	at org.mortbay.jetty.servlet.ServletHolder.handle(ServletHolder.java:511)
	at org.mortbay.jetty.servlet.ServletHandler$CachedChain.doFilter(ServletHandler.java:1221)
	at org.springframework.web.filter.CharacterEncodingFilter.doFilterInternal(CharacterEncodingFilter.java:88)
	at org.springframework.web.filter.OncePerRequestFilter.doFilter(OncePerRequestFilter.java:107)
	at org.mortbay.jetty.servlet.ServletHandler$CachedChain.doFilter(ServletHandler.java:1212)
	at org.mortbay.jetty.servlet.ServletHandler.handle(ServletHandler.java:399)
	at org.mortbay.jetty.security.SecurityHandler.handle(SecurityHandler.java:216)
	at org.mortbay.jetty.servlet.SessionHandler.handle(SessionHandler.java:182)
	at org.mortbay.jetty.handler.ContextHandler.handle(ContextHandler.java:766)
	at org.mortbay.jetty.webapp.WebAppContext.handle(WebAppContext.java:450)
	at org.mortbay.jetty.handler.HandlerWrapper.handle(HandlerWrapper.java:152)
	at org.mortbay.jetty.Server.handle(Server.java:326)
	at org.mortbay.jetty.HttpConnection.handleRequest(HttpConnection.java:542)
	at org.mortbay.jetty.HttpConnection$RequestHandler.content(HttpConnection.java:945)
	at org.mortbay.jetty.HttpParser.parseNext(HttpParser.java:756)
	at org.mortbay.jetty.HttpParser.parseAvailable(HttpParser.java:218)
	at org.mortbay.jetty.HttpConnection.handle(HttpConnection.java:404)
	at org.mortbay.io.nio.SelectChannelEndPoint.run(SelectChannelEndPoint.java:410)
	at org.mortbay.thread.QueuedThreadPool$PoolThread.run(QueuedThreadPool.java:582)
[org.mortbay.log:87]  :[/drug/drugcommon/addDrug.do]
java.lang.NullPointerException
	at com.drug.util.PinyinUtils.getPinYin(PinyinUtils.java:11)
	at com.drug.web.controller.DrugCommonController.addDrug(DrugCommonController.java:87)
	at sun.reflect.NativeMethodAccessorImpl.invoke0(Native Method)
	at sun.reflect.NativeMethodAccessorImpl.invoke(NativeMethodAccessorImpl.java:39)
	at sun.reflect.DelegatingMethodAccessorImpl.invoke(DelegatingMethodAccessorImpl.java:25)
	at java.lang.reflect.Method.invoke(Method.java:597)
	at org.springframework.web.bind.annotation.support.HandlerMethodInvoker.invokeHandlerMethod(HandlerMethodInvoker.java:176)
	at org.springframework.web.servlet.mvc.annotation.AnnotationMethodHandlerAdapter.invokeHandlerMethod(AnnotationMethodHandlerAdapter.java:440)
	at org.springframework.web.servlet.mvc.annotation.AnnotationMethodHandlerAdapter.handle(AnnotationMethodHandlerAdapter.java:428)
	at org.springframework.web.servlet.DispatcherServlet.doDispatch(DispatcherServlet.java:925)
	at org.springframework.web.servlet.DispatcherServlet.doService(DispatcherServlet.java:856)
	at org.springframework.web.servlet.FrameworkServlet.processRequest(FrameworkServlet.java:920)
	at org.springframework.web.servlet.FrameworkServlet.doPost(FrameworkServlet.java:827)
	at javax.servlet.http.HttpServlet.service(HttpServlet.java:727)
	at org.springframework.web.servlet.FrameworkServlet.service(FrameworkServlet.java:801)
	at javax.servlet.http.HttpServlet.service(HttpServlet.java:820)
	at org.mortbay.jetty.servlet.ServletHolder.handle(ServletHolder.java:511)
	at org.mortbay.jetty.servlet.ServletHandler$CachedChain.doFilter(ServletHandler.java:1221)
	at org.springframework.web.filter.CharacterEncodingFilter.doFilterInternal(CharacterEncodingFilter.java:88)
	at org.springframework.web.filter.OncePerRequestFilter.doFilter(OncePerRequestFilter.java:107)
	at org.mortbay.jetty.servlet.ServletHandler$CachedChain.doFilter(ServletHandler.java:1212)
	at org.mortbay.jetty.servlet.ServletHandler.handle(ServletHandler.java:399)
	at org.mortbay.jetty.security.SecurityHandler.handle(SecurityHandler.java:216)
	at org.mortbay.jetty.servlet.SessionHandler.handle(SessionHandler.java:182)
	at org.mortbay.jetty.handler.ContextHandler.handle(ContextHandler.java:766)
	at org.mortbay.jetty.webapp.WebAppContext.handle(WebAppContext.java:450)
	at org.mortbay.jetty.handler.HandlerWrapper.handle(HandlerWrapper.java:152)
	at org.mortbay.jetty.Server.handle(Server.java:326)
	at org.mortbay.jetty.HttpConnection.handleRequest(HttpConnection.java:542)
	at org.mortbay.jetty.HttpConnection$RequestHandler.content(HttpConnection.java:945)
	at org.mortbay.jetty.HttpParser.parseNext(HttpParser.java:756)
	at org.mortbay.jetty.HttpParser.parseAvailable(HttpParser.java:218)
	at org.mortbay.jetty.HttpConnection.handle(HttpConnection.java:404)
	at org.mortbay.io.nio.SelectChannelEndPoint.run(SelectChannelEndPoint.java:410)
	at org.mortbay.thread.QueuedThreadPool$PoolThread.run(QueuedThreadPool.java:582)
[org.springframework.web.servlet.PageNotFound:1108]  :[No mapping found for HTTP request with URI [/drug/modelconfig/query.do] in DispatcherServlet with name 'drug']
[org.mortbay.log:67]  :[Logging to org.slf4j.impl.Log4jLoggerAdapter(org.mortbay.log) via org.mortbay.log.Slf4jLog]
[org.mortbay.log:67]  :[jetty-6.1.26]
[org.mortbay.log:67]  :[NO JSP Support for /drug, did not find org.apache.jasper.servlet.JspServlet]
[/drug:67]  :[Initializing Spring root WebApplicationContext]
[org.springframework.web.context.ContextLoader:273]  :[Root WebApplicationContext: initialization started]
[org.springframework.web.context.support.XmlWebApplicationContext:510]  :[Refreshing Root WebApplicationContext: startup date [Mon Feb 03 08:10:05 CST 2014]; root of context hierarchy]
[org.springframework.beans.factory.xml.XmlBeanDefinitionReader:315]  :[Loading XML bean definitions from file [E:\tools\eclipse workpace\drug\drug\target\classes\spring\spring-business.xml]]
[org.springframework.beans.factory.support.DefaultListableBeanFactory:596]  :[Pre-instantiating singletons in org.springframework.beans.factory.support.DefaultListableBeanFactory@124e935: defining beans [com.drug.factory.ServiceFactory#0,org.springframework.context.annotation.internalConfigurationAnnotationProcessor,org.springframework.context.annotation.internalAutowiredAnnotationProcessor,org.springframework.context.annotation.internalRequiredAnnotationProcessor,org.springframework.context.annotation.internalCommonAnnotationProcessor,drugDao,org.springframework.context.annotation.ConfigurationClassPostProcessor.importAwareProcessor]; root of factory hierarchy]
[org.springframework.web.context.ContextLoader:313]  :[Root WebApplicationContext: initialization completed in 784 ms]
[/drug:67]  :[Initializing Spring FrameworkServlet 'drug']
[org.springframework.web.servlet.DispatcherServlet:455]  :[FrameworkServlet 'drug': initialization started]
[org.springframework.web.context.support.XmlWebApplicationContext:510]  :[Refreshing WebApplicationContext for namespace 'drug-servlet': startup date [Mon Feb 03 08:10:06 CST 2014]; parent: Root WebApplicationContext]
[org.springframework.beans.factory.xml.XmlBeanDefinitionReader:315]  :[Loading XML bean definitions from ServletContext resource [/WEB-INF/drug-servlet.xml]]
[org.springframework.beans.factory.support.DefaultListableBeanFactory:596]  :[Pre-instantiating singletons in org.springframework.beans.factory.support.DefaultListableBeanFactory@235085: defining beans [drugCommonController,drugStoreController,indexController,org.springframework.context.annotation.internalConfigurationAnnotationProcessor,org.springframework.context.annotation.internalAutowiredAnnotationProcessor,org.springframework.context.annotation.internalRequiredAnnotationProcessor,org.springframework.context.annotation.internalCommonAnnotationProcessor,viewResolver,freemarkerConfigurer,org.springframework.web.servlet.mvc.support.ControllerClassNameHandlerMapping#0,org.springframework.web.servlet.mvc.annotation.AnnotationMethodHandlerAdapter#0,org.springframework.context.annotation.ConfigurationClassPostProcessor.importAwareProcessor]; parent: org.springframework.beans.factory.support.DefaultListableBeanFactory@124e935]
[org.springframework.web.servlet.view.freemarker.FreeMarkerConfigurer:125]  :[ClassTemplateLoader for Spring macros added to FreeMarker configuration]
[org.springframework.web.servlet.mvc.support.ControllerClassNameHandlerMapping:315]  :[Mapped URL path [/drugcommon] onto handler 'drugCommonController']
[org.springframework.web.servlet.mvc.support.ControllerClassNameHandlerMapping:315]  :[Mapped URL path [/drugcommon/*] onto handler 'drugCommonController']
[org.springframework.web.servlet.mvc.support.ControllerClassNameHandlerMapping:315]  :[Mapped URL path [/drugstore] onto handler 'drugStoreController']
[org.springframework.web.servlet.mvc.support.ControllerClassNameHandlerMapping:315]  :[Mapped URL path [/drugstore/*] onto handler 'drugStoreController']
[org.springframework.web.servlet.mvc.support.ControllerClassNameHandlerMapping:315]  :[Mapped URL path [/index] onto handler 'indexController']
[org.springframework.web.servlet.mvc.support.ControllerClassNameHandlerMapping:315]  :[Mapped URL path [/index/*] onto handler 'indexController']
[org.springframework.web.servlet.DispatcherServlet:474]  :[FrameworkServlet 'drug': initialization completed in 758 ms]
[org.mortbay.log:67]  :[Started SelectChannelConnector@0.0.0.0:8092]
[org.mortbay.log:67]  :[Logging to org.slf4j.impl.Log4jLoggerAdapter(org.mortbay.log) via org.mortbay.log.Slf4jLog]
[org.mortbay.log:67]  :[jetty-6.1.26]
[org.mortbay.log:67]  :[NO JSP Support for /drug, did not find org.apache.jasper.servlet.JspServlet]
[/drug:67]  :[Initializing Spring root WebApplicationContext]
[org.springframework.web.context.ContextLoader:273]  :[Root WebApplicationContext: initialization started]
[org.springframework.web.context.support.XmlWebApplicationContext:510]  :[Refreshing Root WebApplicationContext: startup date [Mon Feb 03 09:45:02 CST 2014]; root of context hierarchy]
[org.springframework.beans.factory.xml.XmlBeanDefinitionReader:315]  :[Loading XML bean definitions from file [E:\tools\eclipse workpace\drug\drug\target\classes\spring\spring-business.xml]]
[org.springframework.beans.factory.support.DefaultListableBeanFactory:596]  :[Pre-instantiating singletons in org.springframework.beans.factory.support.DefaultListableBeanFactory@124e935: defining beans [com.drug.factory.ServiceFactory#0,org.springframework.context.annotation.internalConfigurationAnnotationProcessor,org.springframework.context.annotation.internalAutowiredAnnotationProcessor,org.springframework.context.annotation.internalRequiredAnnotationProcessor,org.springframework.context.annotation.internalCommonAnnotationProcessor,drugDao,org.springframework.context.annotation.ConfigurationClassPostProcessor.importAwareProcessor]; root of factory hierarchy]
[org.springframework.web.context.ContextLoader:313]  :[Root WebApplicationContext: initialization completed in 826 ms]
[/drug:67]  :[Initializing Spring FrameworkServlet 'drug']
[org.springframework.web.servlet.DispatcherServlet:455]  :[FrameworkServlet 'drug': initialization started]
[org.springframework.web.context.support.XmlWebApplicationContext:510]  :[Refreshing WebApplicationContext for namespace 'drug-servlet': startup date [Mon Feb 03 09:45:02 CST 2014]; parent: Root WebApplicationContext]
[org.springframework.beans.factory.xml.XmlBeanDefinitionReader:315]  :[Loading XML bean definitions from ServletContext resource [/WEB-INF/drug-servlet.xml]]
[org.springframework.beans.factory.support.DefaultListableBeanFactory:596]  :[Pre-instantiating singletons in org.springframework.beans.factory.support.DefaultListableBeanFactory@e7fd03: defining beans [drugCommonController,drugStoreController,indexController,org.springframework.context.annotation.internalConfigurationAnnotationProcessor,org.springframework.context.annotation.internalAutowiredAnnotationProcessor,org.springframework.context.annotation.internalRequiredAnnotationProcessor,org.springframework.context.annotation.internalCommonAnnotationProcessor,viewResolver,freemarkerConfigurer,org.springframework.web.servlet.mvc.support.ControllerClassNameHandlerMapping#0,org.springframework.web.servlet.mvc.annotation.AnnotationMethodHandlerAdapter#0,org.springframework.context.annotation.ConfigurationClassPostProcessor.importAwareProcessor]; parent: org.springframework.beans.factory.support.DefaultListableBeanFactory@124e935]
[org.springframework.web.servlet.view.freemarker.FreeMarkerConfigurer:125]  :[ClassTemplateLoader for Spring macros added to FreeMarker configuration]
[org.springframework.web.servlet.mvc.support.ControllerClassNameHandlerMapping:315]  :[Mapped URL path [/drugcommon] onto handler 'drugCommonController']
[org.springframework.web.servlet.mvc.support.ControllerClassNameHandlerMapping:315]  :[Mapped URL path [/drugcommon/*] onto handler 'drugCommonController']
[org.springframework.web.servlet.mvc.support.ControllerClassNameHandlerMapping:315]  :[Mapped URL path [/drugstore] onto handler 'drugStoreController']
[org.springframework.web.servlet.mvc.support.ControllerClassNameHandlerMapping:315]  :[Mapped URL path [/drugstore/*] onto handler 'drugStoreController']
[org.springframework.web.servlet.mvc.support.ControllerClassNameHandlerMapping:315]  :[Mapped URL path [/index] onto handler 'indexController']
[org.springframework.web.servlet.mvc.support.ControllerClassNameHandlerMapping:315]  :[Mapped URL path [/index/*] onto handler 'indexController']
[org.springframework.web.servlet.DispatcherServlet:474]  :[FrameworkServlet 'drug': initialization completed in 705 ms]
[org.mortbay.log:67]  :[Started SelectChannelConnector@0.0.0.0:8092]
[org.mortbay.log:67]  :[Logging to org.slf4j.impl.Log4jLoggerAdapter(org.mortbay.log) via org.mortbay.log.Slf4jLog]
[org.mortbay.log:67]  :[jetty-6.1.26]
[org.mortbay.log:67]  :[NO JSP Support for /drug, did not find org.apache.jasper.servlet.JspServlet]
[/drug:67]  :[Initializing Spring root WebApplicationContext]
[org.springframework.web.context.ContextLoader:273]  :[Root WebApplicationContext: initialization started]
[org.springframework.web.context.support.XmlWebApplicationContext:510]  :[Refreshing Root WebApplicationContext: startup date [Mon Feb 03 09:46:12 CST 2014]; root of context hierarchy]
[org.springframework.beans.factory.xml.XmlBeanDefinitionReader:315]  :[Loading XML bean definitions from file [E:\tools\eclipse workpace\drug\drug\target\classes\spring\spring-business.xml]]
[org.springframework.beans.factory.support.DefaultListableBeanFactory:596]  :[Pre-instantiating singletons in org.springframework.beans.factory.support.DefaultListableBeanFactory@1aac07d: defining beans [com.drug.factory.ServiceFactory#0,org.springframework.context.annotation.internalConfigurationAnnotationProcessor,org.springframework.context.annotation.internalAutowiredAnnotationProcessor,org.springframework.context.annotation.internalRequiredAnnotationProcessor,org.springframework.context.annotation.internalCommonAnnotationProcessor,drugDao,org.springframework.context.annotation.ConfigurationClassPostProcessor.importAwareProcessor]; root of factory hierarchy]
[org.springframework.web.context.ContextLoader:313]  :[Root WebApplicationContext: initialization completed in 715 ms]
[/drug:67]  :[Initializing Spring FrameworkServlet 'drug']
[org.springframework.web.servlet.DispatcherServlet:455]  :[FrameworkServlet 'drug': initialization started]
[org.springframework.web.context.support.XmlWebApplicationContext:510]  :[Refreshing WebApplicationContext for namespace 'drug-servlet': startup date [Mon Feb 03 09:46:12 CST 2014]; parent: Root WebApplicationContext]
[org.springframework.beans.factory.xml.XmlBeanDefinitionReader:315]  :[Loading XML bean definitions from ServletContext resource [/WEB-INF/drug-servlet.xml]]
[org.springframework.beans.factory.support.DefaultListableBeanFactory:596]  :[Pre-instantiating singletons in org.springframework.beans.factory.support.DefaultListableBeanFactory@cf935a: defining beans [drugCommonController,drugStoreController,indexController,org.springframework.context.annotation.internalConfigurationAnnotationProcessor,org.springframework.context.annotation.internalAutowiredAnnotationProcessor,org.springframework.context.annotation.internalRequiredAnnotationProcessor,org.springframework.context.annotation.internalCommonAnnotationProcessor,viewResolver,freemarkerConfigurer,org.springframework.web.servlet.mvc.support.ControllerClassNameHandlerMapping#0,org.springframework.web.servlet.mvc.annotation.AnnotationMethodHandlerAdapter#0,org.springframework.context.annotation.ConfigurationClassPostProcessor.importAwareProcessor]; parent: org.springframework.beans.factory.support.DefaultListableBeanFactory@1aac07d]
[org.springframework.web.servlet.view.freemarker.FreeMarkerConfigurer:125]  :[ClassTemplateLoader for Spring macros added to FreeMarker configuration]
[org.springframework.web.servlet.mvc.support.ControllerClassNameHandlerMapping:315]  :[Mapped URL path [/drugcommon] onto handler 'drugCommonController']
[org.springframework.web.servlet.mvc.support.ControllerClassNameHandlerMapping:315]  :[Mapped URL path [/drugcommon/*] onto handler 'drugCommonController']
[org.springframework.web.servlet.mvc.support.ControllerClassNameHandlerMapping:315]  :[Mapped URL path [/drugstore] onto handler 'drugStoreController']
[org.springframework.web.servlet.mvc.support.ControllerClassNameHandlerMapping:315]  :[Mapped URL path [/drugstore/*] onto handler 'drugStoreController']
[org.springframework.web.servlet.mvc.support.ControllerClassNameHandlerMapping:315]  :[Mapped URL path [/index] onto handler 'indexController']
[org.springframework.web.servlet.mvc.support.ControllerClassNameHandlerMapping:315]  :[Mapped URL path [/index/*] onto handler 'indexController']
[org.springframework.web.servlet.DispatcherServlet:474]  :[FrameworkServlet 'drug': initialization completed in 681 ms]
[org.mortbay.log:67]  :[Started SelectChannelConnector@0.0.0.0:8092]
